This file contains any messages produced by compilers while
running configure, to aid debugging if configure makes a mistake.

It was created by P3DFFT configure 2.6, which was
generated by GNU Autoconf 2.63.  Invocation command line was

  $ ./configure --enable-fftw --enable-intel --with-fftw=/opt/apps/intel13/mvapich2_1_9/fftw3/3.3.2 FC=mpif90 CC=mpicc --prefix=/home1/02418/moppenhe --enable-stride1

## --------- ##
## Platform. ##
## --------- ##

hostname = login4.stampede.tacc.utexas.edu
uname -m = x86_64
uname -r = 2.6.32-431.17.1.el6.x86_64
uname -s = Linux
uname -v = #1 SMP Wed May 7 23:32:49 UTC 2014

/usr/bin/uname -p = unknown
/bin/uname -X     = unknown

/bin/arch              = x86_64
/usr/bin/arch -k       = unknown
/usr/convex/getsysinfo = unknown
/usr/bin/hostinfo      = unknown
/bin/machine           = unknown
/usr/bin/oslevel       = unknown
/bin/universe          = unknown

PATH: /opt/apps/intel13/mvapich2_1_9/petsc/3.3/sandybridge/bin
PATH: /opt/apps/intel13/mvapich2/1.9/bin
PATH: /opt/apps/idl/7.0.6/idl/bin
PATH: /opt/apps/intel13/hdf5/1.8.9/bin
PATH: /opt/apps/xalt/0.4.6/bin
PATH: /opt/apps/intel/13/vtune_amplifier_xe_2013/bin64
PATH: /opt/apps/intel/13/composer_xe_2013.2.146/mpirt/bin/intel64
PATH: /opt/intel/sep/bin
PATH: /usr/lib64/qt-3.3/bin
PATH: /usr/local/bin
PATH: /bin
PATH: /usr/bin
PATH: /usr/X11R6/bin
PATH: /opt/ofed/bin
PATH: /opt/ofed/sbin
PATH: .
PATH: /opt/apps/intel/13/composer_xe_2013.2.146/bin/intel64
PATH: /opt/apps/intel/13/composer_xe_2013.2.146/bin/intel64_mic
PATH: /opt/apps/intel/13/composer_xe_2013.2.146/debugger/gui/intel64
PATH: /home1/02418/moppenhe/bin
PATH: /opt/apps/intel13/mvapich2_1_9/fftw3/3.3.2/bin


## ----------- ##
## Core tests. ##
## ----------- ##

configure:1937: checking for a BSD-compatible install
configure:2005: result: /usr/bin/install -c
configure:2016: checking whether build environment is sane
configure:2076: result: yes
configure:2217: checking for a thread-safe mkdir -p
configure:2256: result: /bin/mkdir -p
configure:2269: checking for gawk
configure:2285: found /bin/gawk
configure:2296: result: gawk
configure:2307: checking whether make sets $(MAKE)
configure:2329: result: yes
configure:2426: checking whether to use IBM compiler
configure:2435: result: no
configure:2453: checking whether to use Intel compiler
configure:2462: result: yes
configure:2483: checking whether to use PGI compiler
configure:2492: result: no
configure:2508: checking whether to use Cray compiler
configure:2517: result: no
configure:2532: checking whether to use GNU compiler
configure:2541: result: no
configure:2561: checking whether to enable single precision
configure:2570: result: no
configure:2583: checking whether to enable 1D decomposition
configure:2592: result: no
configure:2605: checking whether to enable estimation
configure:2614: result: no
configure:2627: checking whether to enable the measure algorithm
configure:2636: result: yes
configure:2649: checking whehter to enable the patient algorithm
configure:2658: result: no
configure:2671: checking whether to enable C convention for processor dimensions
configure:2680: result: no
configure:2693: checking whether to use MPI_Alltoall instead of MPI_Alltotallv
configure:2702: result: no
configure:2715: checking whether to enable stride-1 data structures
configure:2724: result: yes
configure:2737: checking whether to override default value of NBL_X
configure:2757: result: no
configure:2762: checking whether to override the default value of NBL_Y1
configure:2782: result: no
configure:2787: checking whether to override the default value of NBL_Y2
configure:2807: result: no
configure:2812: checking whether to override the default value of NBL_Z
configure:2832: result: no
configure:2847: checking whether to use FFTW library
configure:2856: result: yes
configure:2869: checking whether to use ESSL library
configure:2878: result: no
configure:2906: checking FFTW directory
configure:2917: result: /opt/apps/intel13/mvapich2_1_9/fftw3/3.3.2
configure:3088: checking for Fortran compiler version
configure:3096: mpif90 --version >&5
ifort (IFORT) 13.1.0 20130121
Copyright (C) 1985-2013 Intel Corporation.  All rights reserved.

configure:3100: $? = 0
configure:3107: mpif90 -v >&5
mpif90 for MVAPICH2 version 1.9a2
ifort version 13.1.0
ld    /usr/lib/gcc/x86_64-redhat-linux/4.4.7/../../../../lib64/crt1.o /usr/lib/gcc/x86_64-redhat-linux/4.4.7/../../../../lib64/crti.o /usr/lib/gcc/x86_64-redhat-linux/4.4.7/crtbegin.o --eh-frame-hdr --build-id -dynamic-linker /lib64/ld-linux-x86-64.so.2 -o a.out /opt/apps/intel/13/composer_xe_2013.2.146/compiler/lib/intel64/for_main.o -L/opt/apps/intel/13/composer_xe_2013.2.146/compiler/lib/intel64 -L/usr/lib/gcc/x86_64-redhat-linux/4.4.7/ -L/usr/lib/gcc/x86_64-redhat-linux/4.4.7/../../../../lib64 -L/usr/lib/gcc/x86_64-redhat-linux/4.4.7/../../../../lib64/ -L/lib/../lib64 -L/lib/../lib64/ -L/usr/lib/../lib64 -L/usr/lib/../lib64/ -L/usr/lib/gcc/x86_64-redhat-linux/4.4.7/../../../ -L/lib64 -L/lib/ -L/usr/lib64 -L/usr/lib -rpath /opt/apps/intel/13/composer_xe_2013.2.146/compiler/lib/intel64 -rpath /opt/apps/intel/13/composer_xe_2013.2.146/compiler/lib/intel64 -Bstatic -lifport -lifcore -limf -lsvml -Bdynamic -lm -Bstatic -lipgo -lirc -Bdynamic -lpthread -Bstatic -lsvml -Bdynamic -lc -lgcc -lgcc_s -Bstatic -lirc_s -Bdynamic -ldl -lc /usr/lib/gcc/x86_64-redhat-linux/4.4.7/crtend.o /usr/lib/gcc/x86_64-redhat-linux/4.4.7/../../../../lib64/crtn.o
/opt/apps/intel/13/composer_xe_2013.2.146/compiler/lib/intel64/for_main.o: In function `main':
/export/users/nbtester/efi2linux_nightly/branch-13_0gt/20130124_010000/libdev/frtl/src/libfor/for_main.c:(.text+0x38): undefined reference to `MAIN__'
/usr/bin/ld: link errors found, deleting executable `a.out'
configure:3111: $? = 1
configure:3118: mpif90 -V >&5
Intel(R) Fortran Intel(R) 64 Compiler XE for applications running on Intel(R) 64, Version 13.1.0.146 Build 20130121
Copyright (C) 1985-2013 Intel Corporation.  All rights reserved.

/opt/apps/intel/13/composer_xe_2013.2.146/compiler/lib/intel64/for_main.o: In function `main':
/export/users/nbtester/efi2linux_nightly/branch-13_0gt/20130124_010000/libdev/frtl/src/libfor/for_main.c:(.text+0x38): undefined reference to `MAIN__'
GNU ld version 2.20.51.0.2-5.42.el6 20100205
configure:3122: $? = 1
configure:3136: checking for Fortran compiler default output file name
configure:3158: mpif90    conftest.f  >&5
configure:3162: $? = 0
configure:3200: result: a.out
configure:3219: checking whether the Fortran compiler works
configure:3229: ./a.out
configure:3233: $? = 0
configure:3252: result: yes
configure:3259: checking whether we are cross compiling
configure:3261: result: no
configure:3264: checking for suffix of executables
configure:3271: mpif90 -o conftest    conftest.f  >&5
configure:3275: $? = 0
configure:3301: result: 
configure:3307: checking for suffix of object files
configure:3323: mpif90 -c   conftest.f >&5
configure:3327: $? = 0
configure:3352: result: o
configure:3360: checking whether we are using the GNU Fortran compiler
configure:3379: mpif90 -c   conftest.F >&5
conftest.F(3): error #5082: Syntax error, found END-OF-STATEMENT when expecting one of: ( % [ : . = =>
       choke me
---------------^
conftest.F(3): error #6218: This statement is positioned incorrectly and/or has syntax errors.
       choke me
---------------^
compilation aborted for conftest.F (code 1)
configure:3386: $? = 1
configure: failed program was:
|       program main
| #ifndef __GNUC__
|        choke me
| #endif
| 
|       end
configure:3403: result: no
configure:3409: checking whether mpif90 accepts -g
configure:3426: mpif90 -c -g  conftest.f >&5
configure:3433: $? = 0
configure:3449: result: yes
configure:3477: checking for mpicc
configure:3504: result: mpicc
configure:3559: checking for ranlib
configure:3575: found /usr/bin/ranlib
configure:3586: result: ranlib
configure:3622: checking for a BSD-compatible install
configure:3690: result: /usr/bin/install -c
configure:3701: checking whether make sets $(MAKE)
configure:3723: result: yes
configure:4043: checking for C compiler version
configure:4051: mpicc --version >&5
icc (ICC) 13.1.0 20130121
Copyright (C) 1985-2013 Intel Corporation.  All rights reserved.

configure:4055: $? = 0
configure:4062: mpicc -v >&5
mpicc for MVAPICH2 version 1.9a2
icc version 13.1.0 (gcc version 4.4.7 compatibility)
ld    /usr/lib/gcc/x86_64-redhat-linux/4.4.7/../../../../lib64/crt1.o /usr/lib/gcc/x86_64-redhat-linux/4.4.7/../../../../lib64/crti.o /usr/lib/gcc/x86_64-redhat-linux/4.4.7/crtbegin.o --eh-frame-hdr --build-id -dynamic-linker /lib64/ld-linux-x86-64.so.2 -o a.out -L/opt/apps/intel/13/composer_xe_2013.2.146/compiler/lib/intel64 -L/usr/lib/gcc/x86_64-redhat-linux/4.4.7/ -L/usr/lib/gcc/x86_64-redhat-linux/4.4.7/../../../../lib64 -L/usr/lib/gcc/x86_64-redhat-linux/4.4.7/../../../../lib64/ -L/lib/../lib64 -L/lib/../lib64/ -L/usr/lib/../lib64 -L/usr/lib/../lib64/ -L/usr/lib/gcc/x86_64-redhat-linux/4.4.7/../../../ -L/lib64 -L/lib/ -L/usr/lib64 -L/usr/lib -rpath /opt/apps/intel/13/composer_xe_2013.2.146/compiler/lib/intel64 -rpath /opt/apps/intel/13/composer_xe_2013.2.146/compiler/lib/intel64 -Bstatic -limf -lsvml -lirng -Bdynamic -lm -Bstatic -lipgo -ldecimal --as-needed -Bdynamic -lcilkrts -lstdc++ --no-as-needed -lgcc -lgcc_s -Bstatic -lirc -lsvml -Bdynamic -lc -lgcc -lgcc_s -Bstatic -lirc_s -Bdynamic -ldl -lc /usr/lib/gcc/x86_64-redhat-linux/4.4.7/crtend.o /usr/lib/gcc/x86_64-redhat-linux/4.4.7/../../../../lib64/crtn.o
/usr/lib/gcc/x86_64-redhat-linux/4.4.7/../../../../lib64/crt1.o: In function `_start':
(.text+0x20): undefined reference to `main'
/usr/bin/ld: link errors found, deleting executable `a.out'
configure:4066: $? = 1
configure:4073: mpicc -V >&5
Intel(R) C Intel(R) 64 Compiler XE for applications running on Intel(R) 64, Version 13.1.0.146 Build 20130121
Copyright (C) 1985-2013 Intel Corporation.  All rights reserved.

/usr/lib/gcc/x86_64-redhat-linux/4.4.7/../../../../lib64/crt1.o: In function `_start':
(.text+0x20): undefined reference to `main'
GNU ld version 2.20.51.0.2-5.42.el6 20100205
configure:4077: $? = 1
configure:4080: checking whether we are using the GNU C compiler
configure:4109: mpicc -c   conftest.c >&5
configure:4116: $? = 0
configure:4133: result: yes
configure:4142: checking whether mpicc accepts -g
configure:4172: mpicc -c -g  conftest.c >&5
configure:4179: $? = 0
configure:4280: result: yes
configure:4297: checking for mpicc option to accept ISO C89
configure:4371: mpicc  -c -g -O2  conftest.c >&5
configure:4378: $? = 0
configure:4401: result: none needed
configure:4425: checking how to run the C preprocessor
configure:4465: mpicc -E  conftest.c
configure:4472: $? = 0
configure:4503: mpicc -E  conftest.c
conftest.c(15): error #2379: cannot open source file "ac_nonexistent.h"
  #include <ac_nonexistent.h>
                             ^

configure:4510: $? = 2
configure: failed program was:
| /* confdefs.h.  */
| #define PACKAGE_NAME "P3DFFT"
| #define PACKAGE_TARNAME "p3dfft"
| #define PACKAGE_VERSION "2.6"
| #define PACKAGE_STRING "P3DFFT 2.6"
| #define PACKAGE_BUGREPORT "dmitry@sdsc.edu"
| #define PACKAGE "p3dfft"
| #define VERSION "2.6"
| #define CONFIGURE_ARGS " '--enable-fftw' '--enable-intel' '--with-fftw=/opt/apps/intel13/mvapich2_1_9/fftw3/3.3.2' 'FC=mpif90' 'CC=mpicc' '--prefix=/home1/02418/moppenhe' '--enable-stride1'"
| #define INTEL 1
| #define MEASURE 1
| #define STRIDE1 1
| #define FFTW 1
| /* end confdefs.h.  */
| #include <ac_nonexistent.h>
configure:4543: result: mpicc -E
configure:4572: mpicc -E  conftest.c
configure:4579: $? = 0
configure:4610: mpicc -E  conftest.c
conftest.c(15): error #2379: cannot open source file "ac_nonexistent.h"
  #include <ac_nonexistent.h>
                             ^

configure:4617: $? = 2
configure: failed program was:
| /* confdefs.h.  */
| #define PACKAGE_NAME "P3DFFT"
| #define PACKAGE_TARNAME "p3dfft"
| #define PACKAGE_VERSION "2.6"
| #define PACKAGE_STRING "P3DFFT 2.6"
| #define PACKAGE_BUGREPORT "dmitry@sdsc.edu"
| #define PACKAGE "p3dfft"
| #define VERSION "2.6"
| #define CONFIGURE_ARGS " '--enable-fftw' '--enable-intel' '--with-fftw=/opt/apps/intel13/mvapich2_1_9/fftw3/3.3.2' 'FC=mpif90' 'CC=mpicc' '--prefix=/home1/02418/moppenhe' '--enable-stride1'"
| #define INTEL 1
| #define MEASURE 1
| #define STRIDE1 1
| #define FFTW 1
| /* end confdefs.h.  */
| #include <ac_nonexistent.h>
configure:4657: checking for grep that handles long lines and -e
configure:4717: result: /bin/grep
configure:4722: checking for egrep
configure:4786: result: /bin/grep -E
configure:4791: checking for ANSI C header files
configure:4821: mpicc -c -g -O2  conftest.c >&5
configure:4828: $? = 0
configure:4927: mpicc -o conftest -g -O2   conftest.c  >&5
configure:4931: $? = 0
configure:4937: ./conftest
configure:4941: $? = 0
configure:4959: result: yes
configure:4983: checking for sys/types.h
configure:5004: mpicc -c -g -O2  conftest.c >&5
configure:5011: $? = 0
configure:5028: result: yes
configure:4983: checking for sys/stat.h
configure:5004: mpicc -c -g -O2  conftest.c >&5
configure:5011: $? = 0
configure:5028: result: yes
configure:4983: checking for stdlib.h
configure:5004: mpicc -c -g -O2  conftest.c >&5
configure:5011: $? = 0
configure:5028: result: yes
configure:4983: checking for string.h
configure:5004: mpicc -c -g -O2  conftest.c >&5
configure:5011: $? = 0
configure:5028: result: yes
configure:4983: checking for memory.h
configure:5004: mpicc -c -g -O2  conftest.c >&5
configure:5011: $? = 0
configure:5028: result: yes
configure:4983: checking for strings.h
configure:5004: mpicc -c -g -O2  conftest.c >&5
configure:5011: $? = 0
configure:5028: result: yes
configure:4983: checking for inttypes.h
configure:5004: mpicc -c -g -O2  conftest.c >&5
configure:5011: $? = 0
configure:5028: result: yes
configure:4983: checking for stdint.h
configure:5004: mpicc -c -g -O2  conftest.c >&5
configure:5011: $? = 0
configure:5028: result: yes
configure:4983: checking for unistd.h
configure:5004: mpicc -c -g -O2  conftest.c >&5
configure:5011: $? = 0
configure:5028: result: yes
configure:5047: checking for stdlib.h
configure:5054: result: yes
configure:5202: checking for stdlib.h
configure:5209: result: yes
configure:5348: checking for GNU libc compatible malloc
configure:5382: mpicc -o conftest -g -O2   conftest.c  >&5
configure:5386: $? = 0
configure:5392: ./conftest
configure:5396: $? = 0
configure:5413: result: yes
configure:5557: creating ./config.status

## ---------------------- ##
## Running config.status. ##
## ---------------------- ##

This file was extended by P3DFFT config.status 2.6, which was
generated by GNU Autoconf 2.63.  Invocation command line was

  CONFIG_FILES    = 
  CONFIG_HEADERS  = 
  CONFIG_LINKS    = 
  CONFIG_COMMANDS = 
  $ ./config.status 

on login4.stampede.tacc.utexas.edu

config.status:776: creating Makefile
config.status:776: creating build/Makefile
config.status:776: creating sample/Makefile
config.status:776: creating sample/C/Makefile
config.status:776: creating sample/FORTRAN/Makefile
config.status:776: creating config.h
configure:6746: configure script complete!

## ---------------- ##
## Cache variables. ##
## ---------------- ##

ac_cv_c_compiler_gnu=yes
ac_cv_env_CC_set=set
ac_cv_env_CC_value=mpicc
ac_cv_env_CFLAGS_set=
ac_cv_env_CFLAGS_value=
ac_cv_env_CPPFLAGS_set=
ac_cv_env_CPPFLAGS_value=
ac_cv_env_CPP_set=
ac_cv_env_CPP_value=
ac_cv_env_FCFLAGS_set=
ac_cv_env_FCFLAGS_value=
ac_cv_env_FC_set=set
ac_cv_env_FC_value=mpif90
ac_cv_env_LDFLAGS_set=
ac_cv_env_LDFLAGS_value=
ac_cv_env_LIBS_set=
ac_cv_env_LIBS_value=
ac_cv_env_build_alias_set=
ac_cv_env_build_alias_value=
ac_cv_env_host_alias_set=
ac_cv_env_host_alias_value=
ac_cv_env_target_alias_set=
ac_cv_env_target_alias_value=
ac_cv_fc_compiler_gnu=no
ac_cv_func_malloc_0_nonnull=yes
ac_cv_header_inttypes_h=yes
ac_cv_header_memory_h=yes
ac_cv_header_stdc=yes
ac_cv_header_stdint_h=yes
ac_cv_header_stdlib_h=yes
ac_cv_header_string_h=yes
ac_cv_header_strings_h=yes
ac_cv_header_sys_stat_h=yes
ac_cv_header_sys_types_h=yes
ac_cv_header_unistd_h=yes
ac_cv_objext=o
ac_cv_path_EGREP='/bin/grep -E'
ac_cv_path_GREP=/bin/grep
ac_cv_path_install='/usr/bin/install -c'
ac_cv_path_mkdir=/bin/mkdir
ac_cv_prog_AWK=gawk
ac_cv_prog_CC=mpicc
ac_cv_prog_CPP='mpicc -E'
ac_cv_prog_ac_ct_RANLIB=ranlib
ac_cv_prog_cc_c89=
ac_cv_prog_cc_g=yes
ac_cv_prog_fc_g=yes
ac_cv_prog_make_make_set=yes

## ----------------- ##
## Output variables. ##
## ----------------- ##

ACLOCAL='${SHELL} /home1/02418/moppenhe/src/p3dfft-read-only/missing --run aclocal-1.11'
AMTAR='${SHELL} /home1/02418/moppenhe/src/p3dfft-read-only/missing --run tar'
AUTOCONF='${SHELL} /home1/02418/moppenhe/src/p3dfft-read-only/missing --run autoconf'
AUTOHEADER='${SHELL} /home1/02418/moppenhe/src/p3dfft-read-only/missing --run autoheader'
AUTOMAKE='${SHELL} /home1/02418/moppenhe/src/p3dfft-read-only/missing --run automake-1.11'
AWK='gawk'
CC='mpicc'
CDFLAGS='-DINTEL -DMEASURE -DSTRIDE1 -DFFTW'
CFLAGS='-g -O2'
CPP='mpicc -E'
CPPFLAGS=''
CYGPATH_W='echo'
DEFS='-DHAVE_CONFIG_H'
ECHO_C=''
ECHO_N='-n'
ECHO_T=''
EGREP='/bin/grep -E'
EXEEXT=''
FC='mpif90'
FCFLAGS='-g'
FDFLAGS='-DINTEL -DMEASURE -DSTRIDE1 -DFFTW'
FFTWF=''
FFTW_INC='-I/opt/apps/intel13/mvapich2_1_9/fftw3/3.3.2/include'
FFTW_LIB='/opt/apps/intel13/mvapich2_1_9/fftw3/3.3.2/lib/libfftw3.a'
FORTRAN_LIB='-lmpichf90 -limf -lifcore'
GREP='/bin/grep'
INSTALL_DATA='${INSTALL} -m 644'
INSTALL_PROGRAM='${INSTALL}'
INSTALL_SCRIPT='${INSTALL}'
INSTALL_STRIP_PROGRAM='$(install_sh) -c -s'
LDFLAGS=''
LIBOBJS=''
LIBS=''
LTLIBOBJS=''
MAKEINFO='${SHELL} /home1/02418/moppenhe/src/p3dfft-read-only/missing --run makeinfo'
MKDIR_P='/bin/mkdir -p'
OBJEXT='o'
PACKAGE='p3dfft'
PACKAGE_BUGREPORT='dmitry@sdsc.edu'
PACKAGE_NAME='P3DFFT'
PACKAGE_STRING='P3DFFT 2.6'
PACKAGE_TARNAME='p3dfft'
PACKAGE_VERSION='2.6'
PATH_SEPARATOR=':'
RANLIB='ranlib'
SET_MAKE=''
SHELL='/bin/sh'
STRIP=''
SUCCESS='Build successful!'
TESTLIBS=''
VERSION='2.6'
ac_ct_CC=''
ac_ct_FC=''
am__EXEEXT_FALSE=''
am__EXEEXT_TRUE='#'
am__isrc=''
am__leading_dot='.'
am__tar='${AMTAR} chof - "$$tardir"'
am__untar='${AMTAR} xf -'
bindir='${exec_prefix}/bin'
build_alias=''
datadir='${datarootdir}'
datarootdir='${prefix}/share'
docdir='${datarootdir}/doc/${PACKAGE_TARNAME}'
dvidir='${docdir}'
exec_prefix='${prefix}'
host_alias=''
htmldir='${docdir}'
includedir='${prefix}/include'
infodir='${datarootdir}/info'
install_sh='${SHELL} /home1/02418/moppenhe/src/p3dfft-read-only/install-sh'
libdir='${exec_prefix}/lib'
libexecdir='${exec_prefix}/libexec'
localedir='${datarootdir}/locale'
localstatedir='${prefix}/var'
mandir='${datarootdir}/man'
mkdir_p='/bin/mkdir -p'
oldincludedir='/usr/include'
pdfdir='${docdir}'
prefix='/home1/02418/moppenhe'
program_transform_name='s,x,x,'
psdir='${docdir}'
sbindir='${exec_prefix}/sbin'
sharedstatedir='${prefix}/com'
sysconfdir='${prefix}/etc'
target_alias=''

## ----------- ##
## confdefs.h. ##
## ----------- ##

#define PACKAGE_NAME "P3DFFT"
#define PACKAGE_TARNAME "p3dfft"
#define PACKAGE_VERSION "2.6"
#define PACKAGE_STRING "P3DFFT 2.6"
#define PACKAGE_BUGREPORT "dmitry@sdsc.edu"
#define PACKAGE "p3dfft"
#define VERSION "2.6"
#define CONFIGURE_ARGS " '--enable-fftw' '--enable-intel' '--with-fftw=/opt/apps/intel13/mvapich2_1_9/fftw3/3.3.2' 'FC=mpif90' 'CC=mpicc' '--prefix=/home1/02418/moppenhe' '--enable-stride1'"
#define INTEL 1
#define MEASURE 1
#define STRIDE1 1
#define FFTW 1
#define STDC_HEADERS 1
#define HAVE_SYS_TYPES_H 1
#define HAVE_SYS_STAT_H 1
#define HAVE_STDLIB_H 1
#define HAVE_STRING_H 1
#define HAVE_MEMORY_H 1
#define HAVE_STRINGS_H 1
#define HAVE_INTTYPES_H 1
#define HAVE_STDINT_H 1
#define HAVE_UNISTD_H 1
#define HAVE_STDLIB_H 1
#define HAVE_STDLIB_H 1
#define HAVE_MALLOC 1

configure: exit 0
